[0m16:46:27.431676 [debug] [MainThread]: Sending event: {'category': 'dbt', 'action': 'invocation', 'label': 'start', 'context': [<snowplow_tracker.self_describing_json.SelfDescribingJson object at 0x74cc23b00ca0>, <snowplow_tracker.self_describing_json.SelfDescribingJson object at 0x74cc246d0550>, <snowplow_tracker.self_describing_json.SelfDescribingJson object at 0x74cc22474040>]}


============================== 16:46:27.456070 | f00b419d-0fa5-43e6-ab94-008e16fda574 ==============================
[0m16:46:27.456070 [info ] [MainThread]: Running with dbt=1.8.7
[0m16:46:27.456892 [debug] [MainThread]: running dbt with arguments {'printer_width': '80', 'indirect_selection': 'eager', 'log_cache_events': 'False', 'write_json': 'True', 'partial_parse': 'True', 'cache_selected_only': 'False', 'warn_error': 'None', 'fail_fast': 'False', 'profiles_dir': '/home/etorun/.dbt', 'log_path': 'logs', 'version_check': 'True', 'debug': 'False', 'use_colors': 'True', 'use_experimental_parser': 'False', 'no_print': 'None', 'quiet': 'False', 'empty': 'None', 'log_format': 'default', 'static_parser': 'True', 'introspect': 'True', 'invocation_command': 'dbt init', 'target_path': 'None', 'warn_error_options': 'WarnErrorOptions(include=[], exclude=[])', 'send_anonymous_usage_stats': 'True'}
[0m16:46:59.116530 [debug] [MainThread]: Starter project path: /home/etorun/code/etorun/BGF-DE-Project/.venv/lib/python3.8/site-packages/dbt/include/starter_project
[0m16:46:59.120751 [info ] [MainThread]: 
Your new dbt project "dbt_BGF" was created!

For more information on how to configure the profiles.yml file,
please consult the dbt documentation here:

  https://docs.getdbt.com/docs/configure-your-profile

One more thing:

Need help? Don't hesitate to reach out to us via GitHub issues or on Slack:

  https://community.getdbt.com/

Happy modeling!

[0m16:46:59.121561 [info ] [MainThread]: Setting up your profile.
[0m16:48:26.272065 [info ] [MainThread]: Profile dbt_BGF written to /home/etorun/.dbt/profiles.yml using target's profile_template.yml and your supplied values. Run 'dbt debug' to validate the connection.
[0m16:48:26.275404 [debug] [MainThread]: Resource report: {"command_name": "init", "command_success": true, "command_wall_clock_time": 118.90927, "process_user_time": 4.420588, "process_kernel_time": 0.751839, "process_mem_max_rss": "190128", "process_in_blocks": "1296", "process_out_blocks": "51112"}
[0m16:48:26.276262 [debug] [MainThread]: Command `dbt init` succeeded at 16:48:26.276111 after 118.91 seconds
[0m16:48:26.276811 [debug] [MainThread]: Sending event: {'category': 'dbt', 'action': 'invocation', 'label': 'end', 'context': [<snowplow_tracker.self_describing_json.SelfDescribingJson object at 0x74cc23b00ca0>, <snowplow_tracker.self_describing_json.SelfDescribingJson object at 0x74cc23bc8eb0>, <snowplow_tracker.self_describing_json.SelfDescribingJson object at 0x74cc224ee730>]}
[0m16:48:26.277368 [debug] [MainThread]: Flushing usage events
